<?xml version="1.0" encoding="UTF-8"?>
<testng-results skipped="0" failed="0" total="1" passed="1">
  <reporter-output>
  </reporter-output>
  <suite name="Default suite" duration-ms="508" started-at="2017-10-03T06:44:15Z" finished-at="2017-10-03T06:44:16Z">
    <groups>
    </groups>
    <test name="Default test" duration-ms="508" started-at="2017-10-03T06:44:15Z" finished-at="2017-10-03T06:44:16Z">
      <class name="com.blogspot.na5cent.exom.LoadExcel2Model">
        <test-method status="PASS" signature="test()[pri:0, instance:com.blogspot.na5cent.exom.LoadExcel2Model@35d176f7]" name="test" duration-ms="493" started-at="2017-10-03T09:44:15Z" finished-at="2017-10-03T09:44:16Z">
          <reporter-output>
          </reporter-output>
        </test-method> <!-- test -->
      </class> <!-- com.blogspot.na5cent.exom.LoadExcel2Model -->
    </test> <!-- Default test -->
  </suite> <!-- Default suite -->
</testng-results>
